2025-06-10 22:15:56,494 - INFO - Successfully imported TimerUI
2025-06-10 22:15:56,494 - INFO - TimerController initialized
2025-06-10 22:15:56,494 - INFO - UI initialized. Starting application...
2025-06-10 22:15:56,495 - INFO - Window created successfully
2025-06-10 22:15:59,436 - INFO - Debug from JS: Start Timers button clicked
2025-06-10 22:15:59,436 - INFO - Starting timers...
2025-06-10 22:15:59,437 - INFO - Starting timer for key 'a' with interval 1000ms
2025-06-10 22:15:59,438 - INFO - Debug from JS: Timers started successfully
2025-06-10 22:16:00,460 - INFO - Debug from JS: Stop Timers button clicked
2025-06-10 22:16:00,461 - INFO - Stopping timers...
2025-06-10 22:16:00,461 - INFO - Stopping all timers
2025-06-10 22:16:00,514 - INFO - Key pressed: a
2025-06-10 22:16:00,514 - INFO - All timers stopped
2025-06-10 22:16:00,524 - INFO - Debug from JS: Timers stopped successfully
2025-06-10 22:16:01,675 - INFO - Debug from JS: Manual debug button pressed
2025-06-10 22:18:35,885 - INFO - Successfully imported TimerUI
2025-06-10 22:18:35,892 - INFO - Configuration loaded successfully
2025-06-10 22:18:35,892 - INFO - Configuration saved successfully
2025-06-10 22:18:35,892 - INFO - TimerController initialized
2025-06-10 22:18:35,892 - INFO - UI initialized. Starting application...
2025-06-10 22:18:35,892 - INFO - Window created successfully
2025-06-10 22:18:40,719 - INFO - Debug from JS: Start Timers button clicked
2025-06-10 22:18:40,720 - INFO - Starting timers...
2025-06-10 22:18:40,720 - INFO - Starting timer for key 'a' with interval 1000ms
2025-06-10 22:18:40,721 - INFO - Starting timer for key 'b' with interval 2000ms
2025-06-10 22:18:40,721 - INFO - Starting timer for key 'a' with interval 1000ms
2025-06-10 22:18:40,722 - INFO - Debug from JS: Timers started successfully
2025-06-10 22:18:41,794 - INFO - Key pressed: a
2025-06-10 22:18:41,794 - INFO - Key pressed: a
2025-06-10 22:18:42,721 - INFO - Key pressed: b
2025-06-10 22:18:42,795 - INFO - Key pressed: a
2025-06-10 22:18:42,795 - INFO - Key pressed: a
2025-06-10 22:18:43,795 - INFO - Key pressed: a
2025-06-10 22:18:43,796 - INFO - Key pressed: a
2025-06-10 22:18:44,722 - INFO - Key pressed: b
2025-06-10 22:18:44,796 - INFO - Key pressed: a
2025-06-10 22:18:44,796 - INFO - Key pressed: a
2025-06-10 22:18:45,796 - INFO - Key pressed: a
2025-06-10 22:18:45,797 - INFO - Key pressed: a
2025-06-10 22:18:46,722 - INFO - Key pressed: b
2025-06-10 22:18:46,797 - INFO - Key pressed: a
2025-06-10 22:18:46,797 - INFO - Key pressed: a
2025-06-10 22:18:47,798 - INFO - Key pressed: a
2025-06-10 22:18:47,798 - INFO - Key pressed: a
2025-06-10 22:18:48,723 - INFO - Key pressed: b
2025-06-10 22:18:48,798 - INFO - Key pressed: a
2025-06-10 22:18:48,799 - INFO - Key pressed: a
2025-06-10 22:18:49,799 - INFO - Key pressed: a
2025-06-10 22:18:49,799 - INFO - Key pressed: a
2025-06-10 22:18:50,441 - INFO - Debug from JS: Stop Timers button clicked
2025-06-10 22:18:50,441 - INFO - Stopping timers...
2025-06-10 22:18:50,441 - INFO - Stopping all timers
2025-06-10 22:18:50,800 - INFO - All timers stopped
2025-06-10 22:18:50,803 - INFO - Debug from JS: Timers stopped successfully
2025-06-10 22:35:45,501 - INFO - Successfully imported TimerUI
2025-06-10 22:35:45,502 - INFO - Configuration loaded successfully
2025-06-10 22:35:45,502 - INFO - TimerController initialized
2025-06-10 22:35:45,502 - INFO - UI initialized. Starting application...
2025-06-10 22:35:45,866 - DEBUG - Using WinForms / Chromium
2025-06-10 22:35:46,416 - DEBUG - before_load event fired. injecting pywebview object
2025-06-10 22:35:46,417 - DEBUG - Loading JS files from C:\Python312\Lib\site-packages\webview\js
2025-06-10 22:35:46,470 - DEBUG - _pywebviewready event fired
2025-06-10 22:35:46,477 - DEBUG - loaded event fired
2025-06-10 22:36:19,746 - INFO - Window created successfully
2025-06-10 22:40:00,118 - INFO - Successfully imported TimerUI
2025-06-10 22:40:00,118 - INFO - Configuration loaded successfully
2025-06-10 22:40:00,118 - INFO - TimerController initialized
2025-06-10 22:40:00,118 - INFO - UI initialized
2025-06-10 22:40:00,471 - DEBUG - Using WinForms / Chromium
2025-06-10 22:40:00,518 - DEBUG - HTTP server root path: e:\.ESTUDOS\.Python\AutoMultiKeyPress_NewBranch\views
2025-06-10 22:40:00,522 - INFO - Window loaded successfully
2025-06-10 22:40:01,013 - DEBUG - before_load event fired. injecting pywebview object
2025-06-10 22:40:01,015 - DEBUG - Loading JS files from C:\Python312\Lib\site-packages\webview\js
2025-06-10 22:40:01,038 - DEBUG - _pywebviewready event fired
2025-06-10 22:40:01,158 - ERROR - No method matches given arguments for Rectangle.op_Equality: (<class 'views.ui.TimerUI'>)
Python.Runtime.PythonException: 'TimerUI' value cannot be converted to System.Drawing.Rectangle

The above exception was the direct cause of the following exception:

System.ArgumentException: 'TimerUI' value cannot be converted to System.Drawing.Rectangle in method Boolean op_Equality(System.Drawing.Rectangle, System.Drawing.Rectangle) ---> Python.Runtime.PythonException: 'TimerUI' value cannot be converted to System.Drawing.Rectangle
   --- Fim do rastreamento de pilha de exceções internas ---

The above exception was the direct cause of the following exception:

System.AggregateException: Um ou mais erros. ---> System.ArgumentException: 'TimerUI' value cannot be converted to System.Drawing.Rectangle in method Boolean op_Equality(System.Drawing.Rectangle, System.Drawing.Rectangle) ---> Python.Runtime.PythonException: 'TimerUI' value cannot be converted to System.Drawing.Rectangle
   --- Fim do rastreamento de pilha de exceções internas ---
   --- Fim do rastreamento de pilha de exceções internas ---
---> (Exceção Interna N° 0) System.ArgumentException: 'TimerUI' value cannot be converted to System.Drawing.Rectangle in method Boolean op_Equality(System.Drawing.Rectangle, System.Drawing.Rectangle) ---> Python.Runtime.PythonException: 'TimerUI' value cannot be converted to System.Drawing.Rectangle
   --- Fim do rastreamento de pilha de exceções internas ---<---


The above exception was the direct cause of the following exception:

Traceback (most recent call last):
  File "C:\Python312\Lib\site-packages\webview\util.py", line 217, in generate_js_object
    func_list = generate_func()
                ^^^^^^^^^^^^^^^
  File "C:\Python312\Lib\site-packages\webview\util.py", line 199, in generate_func
    functions = get_functions(window._js_api)
                ^^^^^^^^^^^^^^^^^^^^^^^^^^^^^
  File "C:\Python312\Lib\site-packages\webview\util.py", line 194, in get_functions
    get_functions(attr, full_name, functions)
  File "C:\Python312\Lib\site-packages\webview\util.py", line 194, in get_functions
    get_functions(attr, full_name, functions)
  File "C:\Python312\Lib\site-packages\webview\util.py", line 194, in get_functions
    get_functions(attr, full_name, functions)
  [Previous line repeated 1 more time]
  File "C:\Python312\Lib\site-packages\webview\util.py", line 175, in get_functions
    if obj in exposed_objects:
       ^^^^^^^^^^^^^^^^^^^^^^
TypeError: No method matches given arguments for Rectangle.op_Equality: (<class 'views.ui.TimerUI'>)
2025-06-10 22:41:15,992 - INFO - Window created successfully
2025-06-10 22:42:40,343 - INFO - Successfully imported TimerUI
2025-06-10 22:42:40,343 - INFO - Configuration loaded successfully
2025-06-10 22:42:40,343 - INFO - TimerController initialized
2025-06-10 22:42:40,343 - INFO - UI initialized
2025-06-10 22:42:40,702 - DEBUG - Using WinForms / Chromium
2025-06-10 22:42:40,750 - DEBUG - HTTP server root path: e:\.ESTUDOS\.Python\AutoMultiKeyPress_NewBranch\views
2025-06-10 22:42:41,234 - DEBUG - before_load event fired. injecting pywebview object
2025-06-10 22:42:41,234 - DEBUG - Loading JS files from C:\Python312\Lib\site-packages\webview\js
2025-06-10 22:42:41,264 - DEBUG - _pywebviewready event fired
2025-06-10 22:42:41,266 - DEBUG - loaded event fired
2025-06-10 22:42:41,331 - INFO - Retrieved timers: [{'key': 'a', 'interval': 1000, 'is_active': True}, {'key': 'b', 'interval': 2000, 'is_active': True}, {'key': 'c', 'interval': 1500, 'is_active': False}]
2025-06-10 22:42:45,861 - INFO - Configuration saved successfully
2025-06-10 22:42:45,861 - INFO - Toggled timer: key=c, is_active=True
2025-06-10 22:42:45,862 - INFO - Retrieved timers: [{'key': 'a', 'interval': 1000, 'is_active': True}, {'key': 'b', 'interval': 2000, 'is_active': True}, {'key': 'c', 'interval': 1500, 'is_active': True}]
2025-06-10 22:42:49,111 - INFO - Starting timer for key 'a' with interval 1000ms
2025-06-10 22:42:49,111 - INFO - Starting timer for key 'b' with interval 2000ms
2025-06-10 22:42:49,111 - INFO - Starting timer for key 'c' with interval 1500ms
2025-06-10 22:42:49,112 - INFO - Starting timers...
2025-06-10 22:42:50,188 - INFO - Key pressed: a
2025-06-10 22:42:50,612 - INFO - Key pressed: c
2025-06-10 22:42:51,113 - INFO - Key pressed: b
2025-06-10 22:42:51,188 - INFO - Key pressed: a
2025-06-10 22:42:52,113 - INFO - Key pressed: c
2025-06-10 22:42:52,189 - INFO - Key pressed: a
2025-06-10 22:42:53,113 - INFO - Key pressed: b
2025-06-10 22:42:53,190 - INFO - Key pressed: a
2025-06-10 22:42:53,614 - INFO - Key pressed: c
2025-06-10 22:42:54,190 - INFO - Key pressed: a
2025-06-10 22:42:55,114 - INFO - Key pressed: b
2025-06-10 22:42:55,114 - INFO - Key pressed: c
2025-06-10 22:42:55,191 - INFO - Key pressed: a
2025-06-10 22:42:56,191 - INFO - Key pressed: a
2025-06-10 22:42:56,615 - INFO - Key pressed: c
2025-06-10 22:42:57,114 - INFO - Key pressed: b
2025-06-10 22:42:57,192 - INFO - Key pressed: a
2025-06-10 22:42:58,116 - INFO - Key pressed: c
2025-06-10 22:42:58,192 - INFO - Key pressed: a
2025-06-10 22:42:59,115 - INFO - Key pressed: b
2025-06-10 22:42:59,193 - INFO - Key pressed: a
2025-06-10 22:42:59,616 - INFO - Key pressed: c
2025-06-10 22:43:00,194 - INFO - Key pressed: a
2025-06-10 22:43:01,040 - INFO - Stopping all timers
2025-06-10 22:43:01,195 - INFO - All timers stopped
2025-06-10 22:43:01,195 - INFO - Stopping timers...
2025-06-10 22:43:15,476 - INFO - Configuration saved successfully
2025-06-10 22:43:15,476 - INFO - Removed timer: key=b
2025-06-10 22:43:15,477 - INFO - Retrieved timers: [{'key': 'a', 'interval': 1000, 'is_active': True}, {'key': 'c', 'interval': 1500, 'is_active': True}]
2025-06-10 22:43:24,338 - INFO - Starting timer for key 'a' with interval 1000ms
2025-06-10 22:43:24,338 - INFO - Starting timer for key 'c' with interval 1500ms
2025-06-10 22:43:24,338 - INFO - Starting timers...
2025-06-10 22:43:25,339 - INFO - Key pressed: a
2025-06-10 22:43:25,839 - INFO - Key pressed: c
2025-06-10 22:43:26,340 - INFO - Key pressed: a
2025-06-10 22:43:27,340 - INFO - Key pressed: c
2025-06-10 22:43:27,341 - INFO - Key pressed: a
2025-06-10 22:43:28,341 - INFO - Key pressed: a
2025-06-10 22:43:28,841 - INFO - Key pressed: c
2025-06-10 22:43:29,342 - INFO - Key pressed: a
2025-06-10 22:43:30,341 - INFO - Key pressed: c
2025-06-10 22:43:30,342 - INFO - Key pressed: a
2025-06-10 22:43:31,343 - INFO - Key pressed: a
2025-06-10 22:43:31,842 - INFO - Key pressed: c
2025-06-10 22:43:32,344 - INFO - Key pressed: a
2025-06-10 22:43:33,343 - INFO - Key pressed: c
2025-06-10 22:43:33,344 - INFO - Key pressed: a
2025-06-10 22:43:34,345 - INFO - Key pressed: a
2025-06-10 22:43:34,844 - INFO - Key pressed: c
2025-06-10 22:43:35,345 - INFO - Key pressed: a
2025-06-10 22:43:36,344 - INFO - Key pressed: c
2025-06-10 22:43:36,346 - INFO - Key pressed: a
2025-06-10 22:43:37,346 - INFO - Key pressed: a
2025-06-10 22:43:37,845 - INFO - Key pressed: c
2025-06-10 22:43:38,347 - INFO - Key pressed: a
2025-06-10 22:43:39,346 - INFO - Key pressed: c
2025-06-10 22:43:39,348 - INFO - Key pressed: a
2025-06-10 22:43:40,348 - INFO - Key pressed: a
2025-06-10 22:43:40,846 - INFO - Key pressed: c
2025-06-10 22:43:41,349 - INFO - Key pressed: a
2025-06-10 22:43:42,347 - INFO - Key pressed: c
2025-06-10 22:43:42,350 - INFO - Key pressed: a
2025-06-10 22:43:43,350 - INFO - Key pressed: a
2025-06-10 22:43:43,847 - INFO - Key pressed: c
2025-06-10 22:43:44,351 - INFO - Key pressed: a
2025-06-10 22:43:45,348 - INFO - Key pressed: c
2025-06-10 22:43:45,352 - INFO - Key pressed: a
2025-06-10 22:43:46,352 - INFO - Key pressed: a
2025-06-10 22:43:46,849 - INFO - Key pressed: c
2025-06-10 22:43:47,352 - INFO - Key pressed: a
2025-06-10 22:43:48,349 - INFO - Key pressed: c
2025-06-10 22:43:48,353 - INFO - Key pressed: a
2025-06-10 22:43:49,353 - INFO - Key pressed: a
2025-06-10 22:43:49,850 - INFO - Key pressed: c
2025-06-10 22:43:50,354 - INFO - Key pressed: a
2025-06-10 22:43:51,350 - INFO - Key pressed: c
2025-06-10 22:43:51,355 - INFO - Key pressed: a
2025-06-10 22:43:52,355 - INFO - Key pressed: a
2025-06-10 22:43:52,851 - INFO - Key pressed: c
2025-06-10 22:43:53,356 - INFO - Key pressed: a
2025-06-10 22:43:54,352 - INFO - Key pressed: c
2025-06-10 22:43:54,357 - INFO - Key pressed: a
2025-06-10 22:43:55,357 - INFO - Key pressed: a
2025-06-10 22:43:55,852 - INFO - Key pressed: c
2025-06-10 22:43:56,358 - INFO - Key pressed: a
2025-06-10 22:43:57,352 - INFO - Key pressed: c
2025-06-10 22:43:57,358 - INFO - Key pressed: a
2025-06-10 22:43:58,358 - INFO - Key pressed: a
2025-06-10 22:43:58,853 - INFO - Key pressed: c
2025-06-10 22:43:59,359 - INFO - Key pressed: a
2025-06-10 22:44:00,353 - INFO - Key pressed: c
2025-06-10 22:44:00,359 - INFO - Key pressed: a
2025-06-10 22:44:01,360 - INFO - Key pressed: a
2025-06-10 22:44:01,854 - INFO - Key pressed: c
2025-06-10 22:44:02,360 - INFO - Key pressed: a
2025-06-10 22:44:03,007 - INFO - Stopping all timers
2025-06-10 22:44:03,361 - INFO - All timers stopped
2025-06-10 22:44:03,361 - INFO - Stopping timers...
2025-06-10 22:44:08,430 - INFO - Window created successfully
2025-06-10 22:44:53,369 - INFO - Successfully imported TimerUI
2025-06-10 22:44:53,369 - INFO - Configuration loaded successfully
2025-06-10 22:44:53,369 - INFO - TimerController initialized
2025-06-10 22:44:53,369 - INFO - UI initialized
2025-06-10 22:44:53,728 - DEBUG - Using WinForms / Chromium
2025-06-10 22:44:53,775 - DEBUG - HTTP server root path: e:\.ESTUDOS\.Python\AutoMultiKeyPress_NewBranch\views
2025-06-10 22:44:54,287 - DEBUG - before_load event fired. injecting pywebview object
2025-06-10 22:44:54,288 - DEBUG - Loading JS files from C:\Python312\Lib\site-packages\webview\js
2025-06-10 22:44:54,317 - DEBUG - _pywebviewready event fired
2025-06-10 22:44:54,320 - DEBUG - loaded event fired
2025-06-10 22:44:54,380 - INFO - Retrieved timers: [{'key': 'a', 'interval': 1000, 'is_active': True}, {'key': 'c', 'interval': 1500, 'is_active': True}]
2025-06-10 22:49:01,980 - INFO - Window created successfully
2025-06-10 22:49:10,620 - INFO - Successfully imported TimerUI
2025-06-10 22:49:10,620 - INFO - Configuration loaded successfully
2025-06-10 22:49:10,620 - INFO - TimerController initialized
2025-06-10 22:49:10,620 - INFO - UI initialized
2025-06-10 22:49:11,637 - INFO - Retrieved timers: [{'key': 'a', 'interval': 1000, 'is_active': True}, {'key': 'c', 'interval': 1500, 'is_active': True}]
2025-06-10 22:49:21,659 - INFO - Starting timer for key 'a' with interval 1000ms
2025-06-10 22:49:21,659 - INFO - Starting timer for key 'c' with interval 1500ms
2025-06-10 22:49:21,659 - INFO - Starting timers...
2025-06-10 22:49:22,733 - INFO - Key pressed: a
2025-06-10 22:49:23,160 - INFO - Key pressed: c
2025-06-10 22:49:23,734 - INFO - Key pressed: a
2025-06-10 22:49:24,660 - INFO - Key pressed: c
2025-06-10 22:49:24,734 - INFO - Key pressed: a
2025-06-10 22:49:25,735 - INFO - Key pressed: a
2025-06-10 22:49:26,161 - INFO - Key pressed: c
2025-06-10 22:49:26,736 - INFO - Key pressed: a
2025-06-10 22:49:27,662 - INFO - Key pressed: c
2025-06-10 22:49:27,737 - INFO - Key pressed: a
2025-06-10 22:49:28,738 - INFO - Key pressed: a
2025-06-10 22:49:29,162 - INFO - Key pressed: c
2025-06-10 22:49:29,305 - INFO - Stopping all timers
2025-06-10 22:49:30,663 - INFO - All timers stopped
2025-06-10 22:49:30,663 - INFO - Stopping timers...
2025-06-10 22:54:51,455 - INFO - Window created successfully
2025-06-10 22:55:01,272 - INFO - Successfully imported TimerUI
2025-06-10 22:55:01,273 - INFO - Configuration loaded successfully
2025-06-10 22:55:01,273 - INFO - TimerController initialized
2025-06-10 22:55:01,273 - INFO - UI initialized
2025-06-10 22:55:02,253 - INFO - Retrieved timers: [{'key': 'a', 'interval': 1000, 'is_active': True}, {'key': 'c', 'interval': 1500, 'is_active': True}]
2025-06-10 22:56:08,050 - INFO - Starting timer for key 'a' with interval 1000ms
2025-06-10 22:56:08,050 - INFO - Starting timer for key 'c' with interval 1500ms
2025-06-10 22:56:08,051 - INFO - Starting timers...
2025-06-10 22:56:09,124 - INFO - Key pressed: a
2025-06-10 22:56:09,552 - INFO - Key pressed: c
2025-06-10 22:56:10,125 - INFO - Key pressed: a
2025-06-10 22:56:11,052 - INFO - Key pressed: c
2025-06-10 22:56:11,125 - INFO - Key pressed: a
2025-06-10 22:56:12,126 - INFO - Key pressed: a
2025-06-10 22:56:12,553 - INFO - Key pressed: c
2025-06-10 22:56:13,127 - INFO - Key pressed: a
2025-06-10 22:56:14,054 - INFO - Key pressed: c
2025-06-10 22:56:14,128 - INFO - Key pressed: a
2025-06-10 22:56:15,128 - INFO - Key pressed: a
2025-06-10 22:56:15,555 - INFO - Key pressed: c
2025-06-10 22:56:15,644 - INFO - Stopping all timers
2025-06-10 22:56:17,055 - INFO - All timers stopped
2025-06-10 22:56:17,055 - INFO - Stopping timers...
2025-06-10 22:56:20,230 - INFO - Configuration saved successfully
2025-06-10 22:56:20,230 - INFO - Toggled timer: key=a, is_active=False
2025-06-10 22:56:20,231 - INFO - Retrieved timers: [{'key': 'a', 'interval': 1000, 'is_active': False}, {'key': 'c', 'interval': 1500, 'is_active': True}]
2025-06-10 22:56:22,240 - INFO - Starting timer for key 'c' with interval 1500ms
2025-06-10 22:56:22,242 - INFO - Starting timers...
2025-06-10 22:56:23,742 - INFO - Key pressed: c
2025-06-10 22:56:25,242 - INFO - Key pressed: c
2025-06-10 22:56:26,743 - INFO - Key pressed: c
2025-06-10 22:56:28,244 - INFO - Key pressed: c
2025-06-10 22:56:29,744 - INFO - Key pressed: c
2025-06-10 22:56:31,245 - INFO - Key pressed: c
2025-06-10 22:56:32,746 - INFO - Key pressed: c
2025-06-10 22:56:33,488 - INFO - Stopping all timers
2025-06-10 22:56:34,247 - INFO - All timers stopped
2025-06-10 22:56:34,247 - INFO - Stopping timers...
2025-06-10 22:56:48,868 - INFO - Configuration saved successfully
2025-06-10 22:56:48,868 - INFO - Added timer: key=f, interval=200
2025-06-10 22:56:48,870 - INFO - Retrieved timers: [{'key': 'a', 'interval': 1000, 'is_active': False}, {'key': 'c', 'interval': 1500, 'is_active': True}, {'key': 'f', 'interval': 200, 'is_active': True}]
2025-06-10 22:56:51,255 - INFO - Starting timer for key 'c' with interval 1500ms
2025-06-10 22:56:51,255 - INFO - Starting timer for key 'f' with interval 200ms
2025-06-10 22:56:51,255 - INFO - Starting timers...
2025-06-10 22:56:51,456 - INFO - Key pressed: f
2025-06-10 22:56:51,657 - INFO - Key pressed: f
2025-06-10 22:56:51,858 - INFO - Key pressed: f
2025-06-10 22:56:52,058 - INFO - Key pressed: f
2025-06-10 22:56:52,259 - INFO - Key pressed: f
2025-06-10 22:56:52,459 - INFO - Key pressed: f
2025-06-10 22:56:52,660 - INFO - Key pressed: f
2025-06-10 22:56:52,756 - INFO - Key pressed: c
2025-06-10 22:56:52,861 - INFO - Key pressed: f
2025-06-10 22:56:53,061 - INFO - Key pressed: f
2025-06-10 22:56:53,262 - INFO - Key pressed: f
2025-06-10 22:56:53,462 - INFO - Key pressed: f
2025-06-10 22:56:53,663 - INFO - Key pressed: f
2025-06-10 22:56:53,863 - INFO - Key pressed: f
2025-06-10 22:56:54,064 - INFO - Key pressed: f
2025-06-10 22:56:54,256 - INFO - Key pressed: c
2025-06-10 22:56:54,264 - INFO - Key pressed: f
2025-06-10 22:56:54,464 - INFO - Key pressed: f
2025-06-10 22:56:54,665 - INFO - Key pressed: f
2025-06-10 22:56:54,865 - INFO - Key pressed: f
2025-06-10 22:56:55,066 - INFO - Key pressed: f
2025-06-10 22:56:55,266 - INFO - Key pressed: f
2025-06-10 22:56:55,467 - INFO - Key pressed: f
2025-06-10 22:56:55,667 - INFO - Key pressed: f
2025-06-10 22:56:55,757 - INFO - Key pressed: c
2025-06-10 22:56:55,868 - INFO - Key pressed: f
2025-06-10 22:56:56,068 - INFO - Key pressed: f
2025-06-10 22:56:56,269 - INFO - Key pressed: f
2025-06-10 22:56:56,278 - INFO - Stopping all timers
2025-06-10 22:56:57,258 - INFO - All timers stopped
2025-06-10 22:56:57,258 - INFO - Stopping timers...
2025-06-10 22:57:03,362 - INFO - Window created successfully
2025-06-10 23:02:07,388 - INFO - Successfully imported TimerUI
2025-06-10 23:02:07,388 - INFO - Configuration loaded successfully
2025-06-10 23:02:07,388 - INFO - TimerController initialized
2025-06-10 23:02:07,389 - INFO - UI initialized
2025-06-10 23:02:08,402 - INFO - Retrieved timers: [{'key': 'a', 'interval': 1000, 'is_active': False}, {'key': 'c', 'interval': 1500, 'is_active': True}, {'key': 'f', 'interval': 200, 'is_active': True}]
2025-06-10 23:02:10,998 - INFO - Language changed to: fr
2025-06-10 23:02:12,840 - INFO - Language changed to: zh
2025-06-10 23:02:18,326 - INFO - Language changed to: en
2025-06-10 23:02:20,389 - INFO - Language changed to: de
2025-06-10 23:02:22,316 - INFO - Language changed to: fr
2025-06-10 23:02:24,303 - INFO - Language changed to: en
2025-06-10 23:02:25,963 - INFO - Language changed to: es
2025-06-10 23:02:28,057 - INFO - Language changed to: pt
2025-06-10 23:02:30,151 - INFO - Language changed to: zh
2025-06-10 23:03:27,413 - INFO - Window created successfully
2025-06-10 23:15:52,463 - INFO - Successfully imported TimerUI
2025-06-10 23:15:52,463 - INFO - Configuration loaded successfully
2025-06-10 23:15:52,463 - INFO - TimerController initialized
2025-06-10 23:15:52,463 - ERROR - Error in main: __init__() should return None, not 'dict'
2025-06-10 23:15:52,463 - ERROR - Import error: __init__() should return None, not 'dict'
2025-06-10 23:16:52,435 - INFO - Successfully imported TimerUI
2025-06-10 23:16:52,435 - INFO - Configuration loaded successfully
2025-06-10 23:16:52,435 - INFO - TimerController initialized
2025-06-10 23:16:52,435 - INFO - UI initialized
2025-06-10 23:16:54,013 - INFO - Retrieved timers: [{'key': 'a', 'interval': 1000, 'is_active': False}, {'key': 'c', 'interval': 1500, 'is_active': True}, {'key': 'f', 'interval': 200, 'is_active': True}]
2025-06-10 23:17:16,399 - INFO - Language changed to: zh
2025-06-10 23:17:19,294 - INFO - Language changed to: es
2025-06-10 23:17:20,624 - INFO - Language changed to: zh
2025-06-10 23:17:25,105 - INFO - Language changed to: de
2025-06-10 23:17:27,902 - INFO - Language changed to: zh
2025-06-10 23:17:29,316 - INFO - Language changed to: pt
2025-06-10 23:17:30,911 - INFO - Language changed to: en
2025-06-10 23:17:32,659 - INFO - Language changed to: es
2025-06-10 23:17:33,836 - INFO - Language changed to: pt
2025-06-10 23:17:36,234 - INFO - Language changed to: zh
2025-06-10 23:17:37,703 - INFO - Language changed to: fr
2025-06-10 23:17:39,696 - INFO - Language changed to: de
2025-06-10 23:17:41,838 - INFO - Language changed to: pt
2025-06-10 23:17:42,947 - INFO - Language changed to: es
2025-06-10 23:17:43,940 - INFO - Language changed to: en
2025-06-10 23:17:45,628 - INFO - Language changed to: pt
2025-06-10 23:17:46,938 - INFO - Language changed to: zh
2025-06-10 23:17:48,929 - INFO - Language changed to: de
2025-06-10 23:17:50,163 - INFO - Language changed to: en
2025-06-10 23:17:53,344 - INFO - Window created successfully
2025-06-10 23:17:57,707 - INFO - Successfully imported TimerUI
2025-06-10 23:17:57,707 - INFO - Configuration loaded successfully
2025-06-10 23:17:57,707 - INFO - TimerController initialized
2025-06-10 23:17:57,707 - INFO - UI initialized
2025-06-10 23:17:58,748 - INFO - Retrieved timers: [{'key': 'a', 'interval': 1000, 'is_active': False}, {'key': 'c', 'interval': 1500, 'is_active': True}, {'key': 'f', 'interval': 200, 'is_active': True}]
2025-06-10 23:18:01,768 - INFO - Starting timer for key 'c' with interval 1500ms
2025-06-10 23:18:01,768 - INFO - Starting timer for key 'f' with interval 200ms
2025-06-10 23:18:01,768 - INFO - Starting timers...
2025-06-10 23:18:02,135 - INFO - Key pressed: f
2025-06-10 23:18:02,336 - INFO - Key pressed: f
2025-06-10 23:18:02,537 - INFO - Key pressed: f
2025-06-10 23:18:02,738 - INFO - Key pressed: f
2025-06-10 23:18:02,938 - INFO - Key pressed: f
2025-06-10 23:18:03,139 - INFO - Key pressed: f
2025-06-10 23:18:03,268 - INFO - Key pressed: c
2025-06-10 23:18:03,340 - INFO - Key pressed: f
2025-06-10 23:18:03,540 - INFO - Key pressed: f
2025-06-10 23:18:03,741 - INFO - Key pressed: f
2025-06-10 23:18:03,942 - INFO - Key pressed: f
2025-06-10 23:18:04,142 - INFO - Key pressed: f
2025-06-10 23:18:04,343 - INFO - Key pressed: f
2025-06-10 23:18:04,544 - INFO - Key pressed: f
2025-06-10 23:18:04,744 - INFO - Key pressed: f
2025-06-10 23:18:04,769 - INFO - Key pressed: c
2025-06-10 23:18:04,945 - INFO - Key pressed: f
2025-06-10 23:18:05,145 - INFO - Key pressed: f
2025-06-10 23:18:05,346 - INFO - Key pressed: f
2025-06-10 23:18:05,547 - INFO - Key pressed: f
2025-06-10 23:18:05,563 - INFO - Stopping all timers
2025-06-10 23:18:06,270 - INFO - All timers stopped
2025-06-10 23:18:06,270 - INFO - Stopping timers...
2025-06-10 23:18:24,461 - INFO - Language changed to: zh
2025-06-10 23:18:36,934 - INFO - Language changed to: es
2025-06-10 23:18:40,321 - INFO - Language changed to: fr
2025-06-10 23:18:42,645 - INFO - Language changed to: es
2025-06-10 23:18:44,378 - INFO - Language changed to: fr
2025-06-10 23:18:46,480 - INFO - Language changed to: de
2025-06-10 23:18:48,104 - INFO - Language changed to: pt
2025-06-10 23:18:49,875 - INFO - Language changed to: zh
2025-06-10 23:18:52,215 - INFO - Language changed to: en
2025-06-10 23:19:16,920 - INFO - Language changed to: zh
2025-06-10 23:19:26,086 - INFO - Language changed to: fr
2025-06-10 23:19:27,840 - INFO - Language changed to: de
2025-06-10 23:19:44,946 - INFO - Language changed to: es
2025-06-10 23:19:52,322 - INFO - Window created successfully
2025-06-10 23:21:17,028 - INFO - Successfully imported TimerUI
2025-06-10 23:21:17,028 - INFO - Configuration loaded successfully
2025-06-10 23:21:17,028 - INFO - TimerController initialized
2025-06-10 23:21:17,028 - INFO - UI initialized
2025-06-10 23:21:18,436 - INFO - Retrieved timers: [{'key': 'a', 'interval': 1000, 'is_active': False}, {'key': 'c', 'interval': 1500, 'is_active': True}, {'key': 'f', 'interval': 200, 'is_active': True}]
2025-06-10 23:21:24,428 - INFO - Language changed to: zh
2025-06-10 23:21:26,735 - INFO - Language changed to: es
2025-06-10 23:21:28,189 - INFO - Language changed to: pt
2025-06-10 23:21:30,033 - INFO - Language changed to: en
2025-06-10 23:21:31,113 - INFO - Language changed to: es
2025-06-10 23:21:32,377 - INFO - Language changed to: pt
2025-06-10 23:21:34,405 - INFO - Language changed to: fr
2025-06-10 23:21:36,364 - INFO - Language changed to: de
2025-06-10 23:21:39,317 - INFO - Starting timer for key 'c' with interval 1500ms
2025-06-10 23:21:39,317 - INFO - Starting timer for key 'f' with interval 200ms
2025-06-10 23:21:39,317 - INFO - Starting timers...
2025-06-10 23:21:39,602 - INFO - Key pressed: f
2025-06-10 23:21:39,803 - INFO - Key pressed: f
2025-06-10 23:21:40,004 - INFO - Key pressed: f
2025-06-10 23:21:40,204 - INFO - Key pressed: f
2025-06-10 23:21:40,405 - INFO - Key pressed: f
2025-06-10 23:21:40,606 - INFO - Key pressed: f
2025-06-10 23:21:40,806 - INFO - Key pressed: f
2025-06-10 23:21:40,818 - INFO - Key pressed: c
2025-06-10 23:21:41,007 - INFO - Key pressed: f
2025-06-10 23:21:41,208 - INFO - Key pressed: f
2025-06-10 23:21:41,409 - INFO - Key pressed: f
2025-06-10 23:21:41,609 - INFO - Key pressed: f
2025-06-10 23:21:41,810 - INFO - Key pressed: f
2025-06-10 23:21:42,011 - INFO - Key pressed: f
2025-06-10 23:21:42,211 - INFO - Key pressed: f
2025-06-10 23:21:42,258 - INFO - Stopping all timers
2025-06-10 23:21:42,412 - INFO - All timers stopped
2025-06-10 23:21:42,412 - INFO - Stopping timers...
2025-06-10 23:24:47,007 - INFO - Window created successfully
2025-06-10 23:24:53,287 - INFO - Successfully imported TimerUI
2025-06-10 23:24:53,287 - INFO - Configuration loaded successfully
2025-06-10 23:24:53,287 - INFO - TimerController initialized
2025-06-10 23:24:53,287 - INFO - UI initialized
2025-06-10 23:24:54,323 - INFO - Retrieved timers: [{'key': 'a', 'interval': 1000, 'is_active': False}, {'key': 'c', 'interval': 1500, 'is_active': True}, {'key': 'f', 'interval': 200, 'is_active': True}]
2025-06-10 23:24:56,850 - INFO - Language changed to: fr
2025-06-10 23:24:58,476 - INFO - Language changed to: zh
2025-06-10 23:25:01,018 - INFO - Language changed to: en
2025-06-10 23:25:10,062 - INFO - Window created successfully
2025-06-10 23:30:18,328 - INFO - Successfully imported TimerUI
2025-06-10 23:30:18,328 - INFO - TimerController initialized
2025-06-10 23:30:18,328 - INFO - UI initialized
2025-06-10 23:30:19,793 - INFO - Retrieved timers: [{'key': 'a', 'interval': 1000, 'is_active': False}, {'key': 'c', 'interval': 1500, 'is_active': True}, {'key': 'f', 'interval': 200, 'is_active': True}]
2025-06-10 23:30:25,556 - INFO - Window created successfully
2025-06-10 23:30:39,597 - INFO - Successfully imported TimerUI
2025-06-10 23:30:39,597 - INFO - TimerController initialized
2025-06-10 23:30:39,598 - INFO - UI initialized
2025-06-10 23:30:40,615 - INFO - Retrieved timers: [{'key': 'a', 'interval': 1000, 'is_active': False}, {'key': 'c', 'interval': 1500, 'is_active': True}, {'key': 'f', 'interval': 200, 'is_active': True}]
2025-06-10 23:30:48,113 - INFO - Window created successfully
2025-06-10 23:31:46,801 - INFO - Successfully imported TimerUI
2025-06-10 23:31:46,803 - INFO - TimerController initialized
2025-06-10 23:31:46,803 - INFO - UI initialized
2025-06-10 23:31:47,815 - INFO - Retrieved timers: [{'key': 'a', 'interval': 1000, 'is_active': False}, {'key': 'c', 'interval': 1500, 'is_active': True}, {'key': 'f', 'interval': 200, 'is_active': True}]
2025-06-10 23:31:49,522 - INFO - Window created successfully
2025-06-10 23:32:35,341 - INFO - Successfully imported TimerUI
2025-06-10 23:32:35,342 - INFO - TimerController initialized
2025-06-10 23:32:35,342 - INFO - UI initialized
2025-06-10 23:32:36,351 - INFO - Retrieved timers: [{'key': 'a', 'interval': 1000, 'is_active': False}, {'key': 'c', 'interval': 1500, 'is_active': True}, {'key': 'f', 'interval': 200, 'is_active': True}]
2025-06-10 23:32:50,132 - INFO - Window created successfully
2025-06-14 22:47:15,056 - INFO - Successfully imported TimerUI
2025-06-14 22:47:15,063 - INFO - TimerController initialized
2025-06-14 22:47:15,064 - INFO - UI initialized
2025-06-14 22:47:18,967 - INFO - Retrieved timers: [{'key': 'a', 'interval': 1000, 'is_active': False}, {'key': 'c', 'interval': 1500, 'is_active': True}, {'key': 'f', 'interval': 200, 'is_active': True}]
2025-06-14 22:47:22,451 - INFO - Removed timer: key=f
2025-06-14 22:47:22,453 - INFO - Retrieved timers: [{'key': 'a', 'interval': 1000, 'is_active': False}, {'key': 'c', 'interval': 1500, 'is_active': True}]
2025-06-14 22:47:22,792 - INFO - Removed timer: key=c
2025-06-14 22:47:22,793 - INFO - Retrieved timers: [{'key': 'a', 'interval': 1000, 'is_active': False}]
2025-06-14 22:47:23,080 - INFO - Removed timer: key=a
2025-06-14 22:47:23,081 - INFO - Retrieved timers: []
2025-06-14 22:47:37,006 - INFO - Window created successfully
2025-06-15 14:34:34,670 - INFO - Successfully imported TimerUI
2025-06-15 14:34:34,676 - INFO - TimerController initialized
2025-06-15 14:34:34,676 - INFO - UI initialized
2025-06-15 14:34:38,724 - INFO - Retrieved timers: []
2025-06-15 14:34:43,485 - INFO - Window created successfully
2025-06-15 14:54:27,372 - INFO - Successfully imported TimerUI
2025-06-15 14:54:27,372 - INFO - TimerController initialized
2025-06-15 14:54:27,373 - INFO - UI initialized
2025-06-15 14:54:28,966 - INFO - Retrieved timers: []
2025-06-15 14:54:35,842 - INFO - Added timer: key=F10, interval=15300
2025-06-15 14:54:35,844 - INFO - Retrieved timers: [{'key': 'F10', 'interval': 15300, 'is_active': True}]
2025-06-15 14:55:20,050 - INFO - Window created successfully
2025-06-15 14:55:57,137 - INFO - Successfully imported TimerUI
2025-06-15 14:55:57,137 - INFO - TimerController initialized
2025-06-15 14:55:57,137 - INFO - UI initialized
2025-06-15 14:55:58,378 - INFO - Retrieved timers: [{'key': 'F10', 'interval': 15300, 'is_active': True}]
2025-06-15 14:57:14,697 - INFO - Starting timer for key 'F10' with interval 15300ms
2025-06-15 14:57:14,697 - INFO - Starting timers...
2025-06-15 14:57:21,324 - INFO - Stopping all timers
2025-06-15 14:57:21,782 - INFO - Stopping all timers
2025-06-15 14:57:22,066 - INFO - Stopping all timers
2025-06-15 14:57:27,738 - INFO - Stopping all timers
2025-06-15 14:57:29,998 - INFO - All timers stopped
2025-06-15 14:57:29,998 - INFO - All timers stopped
2025-06-15 14:57:29,998 - INFO - All timers stopped
2025-06-15 14:57:29,998 - INFO - Stopping timers...
2025-06-15 14:57:29,998 - INFO - All timers stopped
2025-06-15 14:57:29,998 - INFO - Stopping timers...
2025-06-15 14:57:29,998 - INFO - Stopping timers...
2025-06-15 14:57:29,998 - INFO - Stopping timers...
2025-06-15 14:57:34,350 - INFO - Starting timer for key 'F10' with interval 15300ms
2025-06-15 14:57:34,350 - INFO - Starting timers...
2025-06-15 14:57:49,742 - INFO - Key pressed: F10
2025-06-15 14:58:00,684 - INFO - Stopping all timers
2025-06-15 14:58:00,905 - INFO - Stopping all timers
2025-06-15 14:58:05,043 - INFO - All timers stopped
2025-06-15 14:58:05,043 - INFO - All timers stopped
2025-06-15 14:58:05,043 - INFO - Stopping timers...
2025-06-15 14:58:05,043 - INFO - Stopping timers...
2025-06-15 14:58:06,681 - INFO - Window created successfully
2025-06-15 15:11:15,599 - INFO - Successfully imported TimerUI
2025-06-15 15:11:15,600 - INFO - TimerController initialized
2025-06-15 15:11:15,600 - INFO - UI initialized
2025-06-15 15:11:16,849 - INFO - Retrieved timers: [{'key': 'F10', 'interval': 15300, 'is_active': True}]
2025-06-15 15:11:19,140 - INFO - Removed timer: key=F10
2025-06-15 15:11:19,143 - INFO - Retrieved timers: []
2025-06-15 15:11:29,687 - INFO - Added timer: key=1, interval=5000
2025-06-15 15:11:29,689 - INFO - Retrieved timers: [{'key': '1', 'interval': 5000, 'is_active': True}]
2025-06-15 15:11:32,827 - INFO - Added timer: key=2, interval=6000
2025-06-15 15:11:32,828 - INFO - Retrieved timers: [{'key': '1', 'interval': 5000, 'is_active': True}, {'key': '2', 'interval': 6000, 'is_active': True}]
2025-06-15 15:11:42,062 - INFO - Added timer: key=3, interval=7000
2025-06-15 15:11:42,064 - INFO - Retrieved timers: [{'key': '1', 'interval': 5000, 'is_active': True}, {'key': '2', 'interval': 6000, 'is_active': True}, {'key': '3', 'interval': 7000, 'is_active': True}]
2025-06-15 15:11:43,178 - INFO - Starting timer for key '1' with interval 5000ms
2025-06-15 15:11:43,178 - INFO - Starting timer for key '2' with interval 6000ms
2025-06-15 15:11:43,178 - INFO - Starting timer for key '3' with interval 7000ms
2025-06-15 15:11:43,178 - INFO - Starting timers...
2025-06-15 15:11:51,873 - INFO - Stopping all timers
2025-06-15 15:11:51,873 - INFO - All timers stopped
2025-06-15 15:11:51,873 - INFO - Stopping timers...
2025-06-15 15:16:00,729 - INFO - Window created successfully
2025-06-15 15:16:08,239 - INFO - Successfully imported TimerUI
2025-06-15 15:16:08,239 - INFO - TimerController (asyncio) initialized
2025-06-15 15:16:08,239 - ERROR - Error in main: 'TimerConfig' object has no attribute 'get_language'
2025-06-15 15:16:08,239 - ERROR - Import error: 'TimerConfig' object has no attribute 'get_language'
2025-06-15 15:19:25,142 - INFO - Successfully imported TimerUI
2025-06-15 15:19:25,143 - INFO - TimerController (asyncio) initialized
2025-06-15 15:19:25,143 - INFO - UI initialized
2025-06-15 15:19:26,872 - INFO - Retrieved timers: []
2025-06-15 15:19:30,992 - INFO - Window created successfully
2025-06-15 15:20:57,207 - INFO - Successfully imported TimerUI
2025-06-15 15:20:57,207 - INFO - TimerController (asyncio) initialized
2025-06-15 15:20:57,207 - INFO - UI initialized
2025-06-15 15:20:58,663 - INFO - Retrieved timers: []
2025-06-15 15:21:00,769 - INFO - Added timer: key=a, interval=1000
2025-06-15 15:21:00,770 - INFO - Retrieved timers: [{'key': 'a', 'interval': 1000, 'is_active': True}]
2025-06-15 15:21:02,840 - INFO - Removed timer: key=a
2025-06-15 15:21:02,841 - INFO - Retrieved timers: []
2025-06-15 15:21:04,410 - INFO - Language changed to: es
2025-06-15 15:21:05,641 - INFO - Language changed to: fr
2025-06-15 15:21:07,029 - INFO - Language changed to: zh
2025-06-15 15:21:08,514 - INFO - Language changed to: en
2025-06-15 15:21:11,180 - INFO - Window created successfully
2025-06-15 15:22:02,286 - INFO - Successfully imported TimerUI
2025-06-15 15:22:02,287 - INFO - TimerController (asyncio) initialized
2025-06-15 15:22:02,287 - INFO - UI initialized
2025-06-15 15:22:03,519 - INFO - Retrieved timers: []
2025-06-15 15:22:15,534 - INFO - Added timer: key=6, interval=5000
2025-06-15 15:22:15,536 - INFO - Retrieved timers: [{'key': '6', 'interval': 5000, 'is_active': True}]
2025-06-15 15:22:17,454 - ERROR - Error starting timers: There is no current event loop in thread 'Thread-15 (_call)'.
2025-06-15 15:22:30,806 - INFO - Stopping all timers (asyncio)
2025-06-15 15:22:30,806 - INFO - All timers stopped (asyncio)
2025-06-15 15:22:30,806 - INFO - Stopping timers...
2025-06-15 15:22:33,419 - INFO - Window created successfully
2025-06-15 15:27:47,467 - INFO - Successfully imported TimerUI
2025-06-15 15:27:47,467 - INFO - TimerController (asyncio) initialized
2025-06-15 15:27:47,467 - INFO - UI initialized
2025-06-15 15:27:48,717 - INFO - Retrieved timers: [{'key': '6', 'interval': 5000, 'is_active': True}]
2025-06-15 15:27:53,378 - ERROR - Error starting timers: There is no current event loop in thread 'Thread-13 (_call)'.
2025-06-15 15:28:11,933 - INFO - Language changed to: zh
2025-06-15 15:28:13,704 - INFO - Language changed to: en
2025-06-15 15:28:15,818 - INFO - Window created successfully
2025-06-15 15:46:46,835 - INFO - Successfully imported TimerUI
2025-06-15 15:46:46,836 - INFO - TimerController (asyncio) initialized
2025-06-15 15:46:46,836 - INFO - UI initialized
2025-06-15 15:46:48,485 - INFO - Retrieved timers: [{'key': '6', 'interval': 5000, 'is_active': True}]
2025-06-15 15:46:54,683 - INFO - Removed timer: key=6
2025-06-15 15:46:54,685 - INFO - Retrieved timers: []
2025-06-15 15:47:00,466 - INFO - Added timer: key=6, interval=5000
2025-06-15 15:47:00,469 - INFO - Retrieved timers: [{'key': '6', 'interval': 5000, 'is_active': True}]
2025-06-15 15:47:02,113 - ERROR - Error starting timers: There is no current event loop in thread 'Thread-17 (_call)'.
2025-06-15 15:47:11,794 - INFO - Stopping all timers (asyncio)
2025-06-15 15:47:11,794 - INFO - All timers stopped (asyncio)
2025-06-15 15:47:11,794 - INFO - Stopping timers...
2025-06-15 15:49:17,203 - INFO - Window created successfully
2025-06-15 15:49:20,371 - INFO - Successfully imported TimerUI
2025-06-15 15:49:20,379 - ERROR - Error loading config: Extra data: line 12 column 1 (char 153)
2025-06-15 15:49:20,379 - INFO - TimerController (asyncio) initialized
2025-06-15 15:49:20,379 - INFO - UI initialized
2025-06-15 15:49:21,616 - INFO - Retrieved timers: []
2025-06-15 15:49:26,631 - INFO - Added timer: key=6, interval=5000
2025-06-15 15:49:26,633 - INFO - Retrieved timers: [{'key': '6', 'interval': 5000, 'is_active': True}]
2025-06-15 15:49:28,309 - ERROR - Error starting timers: There is no current event loop in thread 'Thread-15 (_call)'.
2025-06-15 15:49:39,715 - INFO - Stopping all timers (asyncio)
2025-06-15 15:49:39,715 - INFO - All timers stopped (asyncio)
2025-06-15 15:49:39,715 - INFO - Stopping timers...
2025-06-15 15:49:44,551 - INFO - Window created successfully
2025-06-15 15:50:58,419 - INFO - Successfully imported TimerUI
2025-06-15 15:50:58,420 - INFO - TimerController (asyncio) initialized
2025-06-15 15:50:58,420 - INFO - UI initialized
2025-06-15 15:50:58,421 - DEBUG - Using proactor: IocpProactor
2025-06-15 15:50:58,424 - ERROR - Error starting UI: pywebview must be run on a main thread.
2025-06-15 15:50:58,424 - INFO - Started UI in executor, running asyncio event loop.
2025-06-15 15:50:58,425 - ERROR - Future exception was never retrieved
future: <Future finished exception=WebViewException('pywebview must be run on a main thread.')>
Traceback (most recent call last):
  File "C:\Python312\Lib\concurrent\futures\thread.py", line 58, in run
    result = self.fn(*self.args, **self.kwargs)
             ^^^^^^^^^^^^^^^^^^^^^^^^^^^^^^^^^^
  File "E:\.ESTUDOS\.Python\AutoMultiKeyPress_NewBranch\views\ui.py", line 141, in start
    webview.start(debug=False)
  File "C:\Python312\Lib\site-packages\webview\__init__.py", line 171, in start
    raise WebViewException('pywebview must be run on a main thread.')
webview.errors.WebViewException: pywebview must be run on a main thread.
2025-06-15 15:52:46,897 - INFO - Successfully imported TimerUI
2025-06-15 15:52:46,898 - INFO - TimerController (asyncio) initialized
2025-06-15 15:52:46,898 - INFO - UI initialized
2025-06-15 15:52:46,898 - DEBUG - Using proactor: IocpProactor
2025-06-15 15:52:46,900 - ERROR - Error starting UI: pywebview must be run on a main thread.
2025-06-15 15:52:46,902 - ERROR - Error in main: pywebview must be run on a main thread.
2025-06-15 15:52:46,902 - ERROR - Import error: pywebview must be run on a main thread.
2025-06-15 15:57:32,391 - INFO - Successfully imported TimerUI
2025-06-15 15:57:32,392 - INFO - TimerController (threading) initialized
2025-06-15 15:57:32,392 - INFO - UI initialized
2025-06-15 15:57:33,761 - INFO - Retrieved timers: [{'key': '6', 'interval': 5000, 'is_active': True}]
2025-06-15 15:57:35,931 - INFO - Removed timer: key=6
2025-06-15 15:57:35,932 - INFO - Retrieved timers: []
2025-06-15 15:57:43,272 - INFO - Added timer: key=6, interval=6000
2025-06-15 15:57:43,274 - INFO - Retrieved timers: [{'key': '6', 'interval': 6000, 'is_active': True}]
2025-06-15 15:57:45,113 - INFO - Attempting to press key: 6
2025-06-15 15:57:45,113 - INFO - Started thread for key 6
2025-06-15 15:57:45,113 - INFO - Scheduled 1 timer threads.
2025-06-15 15:57:45,113 - INFO - Starting timers...
2025-06-15 15:57:45,228 - INFO - Key pressed: 6
2025-06-15 15:57:51,228 - INFO - Attempting to press key: 6
2025-06-15 15:57:51,228 - INFO - Key pressed: 6
2025-06-15 15:57:52,522 - INFO - Stopping all timers (threading)
2025-06-15 15:57:52,522 - INFO - All timers stopped (threading)
2025-06-15 15:57:52,522 - INFO - Stopping timers...
2025-06-15 15:58:39,953 - INFO - Window created successfully
2025-06-15 15:58:46,368 - INFO - Successfully imported TimerUI
2025-06-15 15:58:46,369 - INFO - TimerController (threading) initialized
2025-06-15 15:58:46,369 - INFO - UI initialized
2025-06-15 15:58:47,613 - INFO - Retrieved timers: [{'key': '6', 'interval': 6000, 'is_active': True}]
2025-06-15 15:58:50,355 - INFO - Attempting to press key: 6
2025-06-15 15:58:50,355 - INFO - Started thread for key 6
2025-06-15 15:58:50,357 - INFO - Scheduled 1 timer threads.
2025-06-15 15:58:50,357 - INFO - Starting timers...
2025-06-15 15:58:50,461 - INFO - Key sent: 6
2025-06-15 15:58:56,462 - INFO - Attempting to press key: 6
2025-06-15 15:58:56,462 - INFO - Key sent: 6
2025-06-15 15:58:59,135 - INFO - Stopping all timers (threading)
2025-06-15 15:58:59,135 - INFO - All timers stopped (threading)
2025-06-15 15:58:59,135 - INFO - Stopping timers...
2025-06-15 16:01:08,285 - INFO - Window created successfully
2025-06-15 16:01:10,278 - INFO - Successfully imported TimerUI
2025-06-15 16:01:10,279 - INFO - TimerController (threading) initialized
2025-06-15 16:01:10,279 - INFO - UI initialized
2025-06-15 16:01:11,541 - INFO - Retrieved timers: [{'key': '6', 'interval': 6000, 'is_active': True}]
2025-06-15 16:01:24,656 - INFO - Attempting to press key with pyautogui: 6
2025-06-15 16:01:24,657 - INFO - Started thread for key 6
2025-06-15 16:01:24,657 - INFO - Scheduled 1 timer threads.
2025-06-15 16:01:24,657 - INFO - Starting timers...
2025-06-15 16:01:24,887 - INFO - Key pressed with pyautogui: 6
2025-06-15 16:01:30,888 - INFO - Attempting to press key with pyautogui: 6
2025-06-15 16:01:30,989 - INFO - Key pressed with pyautogui: 6
2025-06-15 16:01:36,989 - INFO - Attempting to press key with pyautogui: 6
2025-06-15 16:01:37,090 - INFO - Key pressed with pyautogui: 6
2025-06-15 16:01:39,905 - INFO - Stopping all timers (threading)
2025-06-15 16:01:39,906 - INFO - All timers stopped (threading)
2025-06-15 16:01:39,906 - INFO - Stopping timers...
2025-06-15 16:04:33,589 - INFO - Window created successfully
2025-06-15 16:04:36,839 - INFO - Successfully imported TimerUI
2025-06-15 16:04:36,839 - INFO - TimerController (threading) initialized
2025-06-15 16:04:36,839 - INFO - UI initialized
2025-06-15 16:04:38,151 - INFO - Retrieved timers: [{'key': '6', 'interval': 6000, 'is_active': True}]
2025-06-15 16:04:40,478 - INFO - Started thread for key 6
2025-06-15 16:04:40,478 - INFO - Scheduled 1 timer threads.
2025-06-15 16:04:40,478 - INFO - Starting timers...
2025-06-15 16:05:05,702 - INFO - Window created successfully
2025-06-15 16:07:00,839 - INFO - Successfully imported TimerUI
2025-06-15 16:07:00,840 - INFO - TimerController (threading) initialized
2025-06-15 16:07:00,840 - INFO - UI initialized
2025-06-15 16:07:02,130 - INFO - Retrieved timers: [{'key': '6', 'interval': 6000, 'is_active': True}]
2025-06-15 16:07:05,702 - INFO - Started thread for key 6
2025-06-15 16:07:05,702 - INFO - Scheduled 1 timer threads.
2025-06-15 16:07:05,702 - INFO - Starting timers...
2025-06-15 16:07:21,546 - INFO - Stopping all timers (threading)
2025-06-15 16:07:21,546 - INFO - All timers stopped (threading)
2025-06-15 16:07:21,546 - INFO - Stopping timers...
2025-06-15 16:09:34,970 - INFO - Window created successfully
2025-06-15 16:09:55,561 - INFO - Successfully imported TimerUI
2025-06-15 16:09:55,561 - INFO - TimerController (threading) initialized
2025-06-15 16:09:55,561 - INFO - UI initialized
2025-06-15 16:09:57,160 - INFO - Retrieved timers: [{'key': '6', 'interval': 6000, 'is_active': True}]
2025-06-15 16:09:59,532 - INFO - Started thread for key 6
2025-06-15 16:09:59,532 - INFO - Scheduled 1 timer threads.
2025-06-15 16:09:59,532 - INFO - Starting timers...
2025-06-15 16:10:03,383 - INFO - Stopping all timers (threading)
2025-06-15 16:10:03,383 - INFO - All timers stopped (threading)
2025-06-15 16:10:03,383 - INFO - Stopping timers...
2025-06-15 16:10:04,426 - INFO - Started thread for key 6
2025-06-15 16:10:04,426 - INFO - Scheduled 1 timer threads.
2025-06-15 16:10:04,426 - INFO - Starting timers...
2025-06-15 16:10:04,958 - INFO - Stopping all timers (threading)
2025-06-15 16:10:04,958 - INFO - All timers stopped (threading)
2025-06-15 16:10:04,958 - INFO - Stopping timers...
2025-06-15 16:10:07,523 - INFO - Window created successfully
2025-06-15 16:10:16,122 - INFO - Successfully imported TimerUI
2025-06-15 16:10:16,122 - INFO - TimerController (threading) initialized
2025-06-15 16:10:16,122 - INFO - UI initialized
2025-06-15 16:10:17,396 - INFO - Retrieved timers: [{'key': '6', 'interval': 6000, 'is_active': True}]
2025-06-15 16:10:18,921 - INFO - Started thread for key 6
2025-06-15 16:10:18,921 - INFO - Scheduled 1 timer threads.
2025-06-15 16:10:18,921 - INFO - Starting timers...
2025-06-15 16:10:21,549 - INFO - Stopping all timers (threading)
2025-06-15 16:10:21,549 - INFO - All timers stopped (threading)
2025-06-15 16:10:21,549 - INFO - Stopping timers...
2025-06-15 16:10:27,009 - INFO - Window created successfully
2025-06-15 16:12:01,565 - INFO - Successfully imported TimerUI
2025-06-15 16:12:01,565 - INFO - TimerController (threading) initialized
2025-06-15 16:12:01,565 - INFO - UI initialized
2025-06-15 16:12:02,750 - INFO - Retrieved timers: [{'key': '6', 'interval': 6000, 'is_active': True}]
2025-06-15 16:12:07,906 - INFO - Started thread for key 6
2025-06-15 16:12:07,906 - INFO - Scheduled 1 timer threads.
2025-06-15 16:12:07,906 - INFO - Starting timers...
2025-06-15 16:12:09,088 - INFO - Stopping all timers (threading)
2025-06-15 16:12:09,088 - INFO - All timers stopped (threading)
2025-06-15 16:12:09,088 - INFO - Stopping timers...
2025-06-15 16:12:11,201 - INFO - Started thread for key 6
2025-06-15 16:12:11,202 - INFO - Scheduled 1 timer threads.
2025-06-15 16:12:11,202 - INFO - Starting timers...
2025-06-15 16:12:11,989 - INFO - Stopping all timers (threading)
2025-06-15 16:12:11,989 - INFO - All timers stopped (threading)
2025-06-15 16:12:11,989 - INFO - Stopping timers...
2025-06-15 16:12:13,326 - INFO - Window created successfully
2025-06-15 16:13:55,934 - INFO - Successfully imported TimerUI
2025-06-15 16:13:55,935 - INFO - TimerController (threading) initialized
2025-06-15 16:13:55,935 - INFO - UI initialized
2025-06-15 16:13:57,239 - INFO - Retrieved timers: [{'key': '6', 'interval': 6000, 'is_active': True}]
2025-06-15 16:13:59,896 - INFO - Started thread for key 6
2025-06-15 16:13:59,896 - INFO - Scheduled 1 timer threads.
2025-06-15 16:13:59,896 - INFO - Starting timers...
2025-06-15 16:14:01,670 - INFO - Stopping all timers (threading)
2025-06-15 16:14:01,670 - INFO - All timers stopped (threading)
2025-06-15 16:14:01,670 - INFO - Stopping timers...
2025-06-15 16:14:03,586 - INFO - Started thread for key 6
2025-06-15 16:14:03,586 - INFO - Scheduled 1 timer threads.
2025-06-15 16:14:03,586 - INFO - Starting timers...
2025-06-15 16:14:12,641 - INFO - Stopping all timers (threading)
2025-06-15 16:14:12,641 - INFO - All timers stopped (threading)
2025-06-15 16:14:12,641 - INFO - Stopping timers...
2025-06-15 16:16:44,922 - INFO - Window created successfully
2025-06-15 16:16:46,976 - INFO - Successfully imported TimerUI
2025-06-15 16:16:46,977 - INFO - TimerController (threading) initialized
2025-06-15 16:16:46,977 - INFO - UI initialized
2025-06-15 16:16:48,312 - INFO - Retrieved timers: [{'key': '6', 'interval': 6000, 'is_active': True}]
2025-06-15 16:16:58,908 - INFO - Window created successfully
2025-06-15 16:18:08,485 - INFO - Successfully imported TimerUI
2025-06-15 16:18:08,485 - INFO - TimerController (threading) initialized
2025-06-15 16:18:08,485 - INFO - UI initialized
2025-06-15 16:18:09,759 - INFO - Retrieved timers: [{'key': '6', 'interval': 6000, 'is_active': True}]
2025-06-15 16:18:12,894 - INFO - Started thread for key 6
2025-06-15 16:18:12,894 - INFO - Scheduled 1 timer threads.
2025-06-15 16:18:12,894 - INFO - Starting timers...
2025-06-15 16:18:14,873 - INFO - Stopping all timers (threading)
2025-06-15 16:18:14,874 - INFO - All timers stopped (threading)
2025-06-15 16:18:14,874 - INFO - Stopping timers...
2025-06-15 16:18:20,877 - INFO - Window created successfully
2025-06-15 16:20:02,386 - INFO - Successfully imported TimerUI
2025-06-15 16:20:02,387 - INFO - TimerController (threading) initialized
2025-06-15 16:20:02,387 - INFO - UI initialized
2025-06-15 16:20:04,112 - INFO - Retrieved timers: [{'key': '6', 'interval': 6000, 'is_active': True}]
2025-06-15 16:20:59,362 - INFO - Window created successfully
2025-06-15 16:21:03,493 - INFO - Successfully imported TimerUI
2025-06-15 16:21:03,493 - INFO - TimerController (threading) initialized
2025-06-15 16:21:03,493 - INFO - UI initialized
2025-06-15 16:21:04,774 - INFO - Retrieved timers: [{'key': '6', 'interval': 6000, 'is_active': True}]
2025-06-15 16:23:01,647 - INFO - Window created successfully
2025-06-15 16:23:06,290 - INFO - Successfully imported TimerUI
2025-06-15 16:23:06,290 - INFO - TimerController (threading) initialized
2025-06-15 16:23:06,290 - INFO - UI initialized
2025-06-15 16:23:07,730 - INFO - Retrieved timers: [{'key': '6', 'interval': 6000, 'is_active': True}]
2025-06-15 16:24:05,775 - INFO - Window created successfully
2025-06-15 16:24:07,730 - INFO - Successfully imported TimerUI
2025-06-15 16:24:07,730 - INFO - TimerController (threading) initialized
2025-06-15 16:24:07,730 - INFO - UI initialized
2025-06-15 16:24:09,050 - INFO - Retrieved timers: [{'key': '6', 'interval': 6000, 'is_active': True}]
2025-06-15 16:24:28,037 - INFO - Started thread for key 6
2025-06-15 16:24:28,037 - INFO - Scheduled 1 timer threads.
2025-06-15 16:24:28,038 - INFO - Starting timers...
2025-06-15 16:24:52,488 - INFO - Stopping all timers (threading)
2025-06-15 16:24:52,488 - INFO - All timers stopped (threading)
2025-06-15 16:24:52,488 - INFO - Stopping timers...
2025-06-15 16:24:55,869 - INFO - Language changed to: zh
2025-06-15 16:24:57,723 - INFO - Started thread for key 6
2025-06-15 16:24:57,723 - INFO - Scheduled 1 timer threads.
2025-06-15 16:24:57,723 - INFO - Starting timers...
2025-06-15 16:25:00,849 - INFO - Stopping all timers (threading)
2025-06-15 16:25:00,849 - INFO - All timers stopped (threading)
2025-06-15 16:25:00,849 - INFO - Stopping timers...
2025-06-15 16:25:02,459 - INFO - Window created successfully
2025-06-15 16:32:11,587 - INFO - Successfully imported TimerUI
2025-06-15 16:32:11,587 - INFO - TimerController (threading) initialized
2025-06-15 16:32:11,588 - INFO - UI initialized
2025-06-15 16:32:13,632 - INFO - Window created successfully
